<?xml version="1.0" encoding="UTF-8"?>
<testng-results ignored="0" total="1" passed="1" failed="0" skipped="0">
  <reporter-output>
  </reporter-output>
  <suite started-at="2023-04-19T12:43:25 IST" name="Default suite" finished-at="2023-04-19T12:44:02 IST" duration-ms="37744">
    <groups>
    </groups>
    <test started-at="2023-04-19T12:43:25 IST" name="Default test" finished-at="2023-04-19T12:44:02 IST" duration-ms="37744">
      <class name="cc2.task1">
        <test-method signature="f()[pri:0, instance:cc2.task1@59662a0b]" started-at="2023-04-19T12:43:25 IST" name="f" finished-at="2023-04-19T12:44:02 IST" duration-ms="37711" status="PASS">
          <reporter-output>
          </reporter-output>
        </test-method> <!-- f -->
      </class> <!-- cc2.task1 -->
    </test> <!-- Default test -->
  </suite> <!-- Default suite -->
</testng-results>
